irun(64): 15.20-s051: (c) Copyright 1995-2018 Cadence Design Systems, Inc.
TOOL:	irun(64)	15.20-s051: Started on May 15, 2023 at 12:25:03 IST
irun
	-access +rwc
	pipeline_tb.v
file: pipeline_tb.v
	module worklib.pipeline_tb:v
		errors: 0, warnings: 0
	module worklib.pipe_ex:v
		errors: 0, warnings: 0
		Caching library 'worklib' ....... Done
	Elaborating the design hierarchy:
	Top level design units:
		pipeline_tb
	Building instance overlay tables: .................... Done
	Generating native compiled code:
		worklib.pipe_ex:v <0x260f89d8>
			streams:   4, words:  1808
		worklib.pipeline_tb:v <0x2bf9934c>
			streams:   8, words:  3268
	Building instance specific data structures.
	Loading native compiled code:     .................... Done
	Design hierarchy summary:
		              Instances  Unique
		Modules:              2       2
		Registers:           11      11
		Scalar wires:         1       -
		Vectored wires:       5       -
		Always blocks:        2       2
		Initial blocks:       2       2
		Cont. assignments:    0       1
		Pseudo assignments:   5       5
	Writing initial simulation snapshot: worklib.pipeline_tb:v
Loading snapshot worklib.pipeline_tb:v .................... Done
ncsim> source /cad_area/install/INCISIVE152/tools/inca/files/ncsimrc
ncsim> run
Simulation stopped via $stop(1) at time 60 NS + 0
./pipeline_tb.v:17  #30 $stop();
ncsim> 
ncsim: *W,CMUSEX: Control-D in interactive input - one more to exit.
exit
TOOL:	irun(64)	15.20-s051: Exiting on May 15, 2023 at 12:28:08 IST  (total: 00:03:05)
